0 info it worked if it ends with ok
1 verbose cli [ '/usr/bin/node', '/usr/bin/npm', 'install', 'jshint', '-g' ]
2 info using npm@1.4.28
3 info using node@v0.10.36
4 verbose node symlink /usr/bin/node
5 verbose cache add [ 'jshint', null ]
6 verbose cache add name=undefined spec="jshint" args=["jshint",null]
7 verbose parsed url { protocol: null,
7 verbose parsed url   slashes: null,
7 verbose parsed url   auth: null,
7 verbose parsed url   host: null,
7 verbose parsed url   port: null,
7 verbose parsed url   hostname: null,
7 verbose parsed url   hash: null,
7 verbose parsed url   search: null,
7 verbose parsed url   query: null,
7 verbose parsed url   pathname: 'jshint',
7 verbose parsed url   path: 'jshint',
7 verbose parsed url   href: 'jshint' }
8 silly lockFile da5c03cb-jshint jshint
9 verbose lock jshint /home/mukhtyar/.npm/da5c03cb-jshint.lock
10 silly lockFile da5c03cb-jshint jshint
11 silly lockFile da5c03cb-jshint jshint
12 verbose addNamed [ 'jshint', '' ]
13 verbose addNamed [ null, '*' ]
14 silly lockFile a02a2468-jshint jshint@
15 verbose lock jshint@ /home/mukhtyar/.npm/a02a2468-jshint.lock
16 silly addNameRange { name: 'jshint', range: '*', hasData: false }
17 verbose request where is /jshint
18 verbose request registry https://registry.npmjs.org/
19 verbose request id f6b63c7f5a85e997
20 verbose url raw /jshint
21 verbose url resolving [ 'https://registry.npmjs.org/', './jshint' ]
22 verbose url resolved https://registry.npmjs.org/jshint
23 verbose request where is https://registry.npmjs.org/jshint
24 info trying registry request attempt 1 at 11:25:04
25 verbose etag "7BWS6UVQ47EBE312U5VBXSRWH"
26 http GET https://registry.npmjs.org/jshint
27 http 200 https://registry.npmjs.org/jshint
28 silly registry.get cb [ 200,
28 silly registry.get   { date: 'Tue, 17 Mar 2015 18:25:39 GMT',
28 silly registry.get     server: 'CouchDB/1.5.0 (Erlang OTP/R16B03)',
28 silly registry.get     etag: '"2841K6ZMUDNN0W1YNZ2MILQXS"',
28 silly registry.get     'content-type': 'application/json',
28 silly registry.get     'cache-control': 'max-age=60',
28 silly registry.get     'content-length': '96399',
28 silly registry.get     'accept-ranges': 'bytes',
28 silly registry.get     via: '1.1 varnish',
28 silly registry.get     age: '0',
28 silly registry.get     'x-served-by': 'cache-sjc3132-SJC',
28 silly registry.get     'x-cache': 'HIT',
28 silly registry.get     'x-cache-hits': '1',
28 silly registry.get     'x-timer': 'S1426616738.608463,VS0,VE542',
28 silly registry.get     vary: 'Accept',
28 silly registry.get     'keep-alive': 'timeout=10, max=50',
28 silly registry.get     connection: 'Keep-Alive' } ]
29 silly addNameRange number 2 { name: 'jshint', range: '*', hasData: true }
30 silly addNameRange versions [ 'jshint',
30 silly addNameRange   [ '0.1.8',
30 silly addNameRange     '0.1.9',
30 silly addNameRange     '0.2.0',
30 silly addNameRange     '0.2.1',
30 silly addNameRange     '0.2.2',
30 silly addNameRange     '0.2.3',
30 silly addNameRange     '0.3.0',
30 silly addNameRange     '0.3.1',
30 silly addNameRange     '0.4.0',
30 silly addNameRange     '0.5.0',
30 silly addNameRange     '0.5.1',
30 silly addNameRange     '0.5.2',
30 silly addNameRange     '0.5.3',
30 silly addNameRange     '0.5.4',
30 silly addNameRange     '0.5.5',
30 silly addNameRange     '0.5.6',
30 silly addNameRange     '0.5.7',
30 silly addNameRange     '0.5.8',
30 silly addNameRange     '0.5.9',
30 silly addNameRange     '0.6.0',
30 silly addNameRange     '0.6.1',
30 silly addNameRange     '0.6.2',
30 silly addNameRange     '0.6.3',
30 silly addNameRange     '0.7.0',
30 silly addNameRange     '0.7.1',
30 silly addNameRange     '0.7.2',
30 silly addNameRange     '0.7.3',
30 silly addNameRange     '0.8.0',
30 silly addNameRange     '0.8.1',
30 silly addNameRange     '0.8.2',
30 silly addNameRange     '0.9.0',
30 silly addNameRange     '0.9.1',
30 silly addNameRange     '1.0.0',
30 silly addNameRange     '1.1.0',
30 silly addNameRange     '2.0.0',
30 silly addNameRange     '2.0.1',
30 silly addNameRange     '2.1.0',
30 silly addNameRange     '2.1.1',
30 silly addNameRange     '2.1.2',
30 silly addNameRange     '2.1.3',
30 silly addNameRange     '2.1.4',
30 silly addNameRange     '2.1.5',
30 silly addNameRange     '2.1.6',
30 silly addNameRange     '2.1.7',
30 silly addNameRange     '2.1.8',
30 silly addNameRange     '2.1.9',
30 silly addNameRange     '2.1.10',
30 silly addNameRange     '2.1.11',
30 silly addNameRange     '2.2.0',
30 silly addNameRange     '2.3.0',
30 silly addNameRange     '2.4.0',
30 silly addNameRange     '2.4.1',
30 silly addNameRange     '2.4.2',
30 silly addNameRange     '2.4.3',
30 silly addNameRange     '2.4.4',
30 silly addNameRange     '2.5.0',
30 silly addNameRange     '2.5.1',
30 silly addNameRange     '2.5.2',
30 silly addNameRange     '2.5.3',
30 silly addNameRange     '2.5.4',
30 silly addNameRange     '2.5.5',
30 silly addNameRange     '2.5.6',
30 silly addNameRange     '2.5.7',
30 silly addNameRange     '2.5.8',
30 silly addNameRange     '2.5.9',
30 silly addNameRange     '2.5.10',
30 silly addNameRange     '2.5.11',
30 silly addNameRange     '2.6.0',
30 silly addNameRange     '2.6.1',
30 silly addNameRange     '2.6.2',
30 silly addNameRange     '2.6.3' ] ]
31 verbose addNamed [ 'jshint', '2.6.3' ]
32 verbose addNamed [ '2.6.3', '2.6.3' ]
33 silly lockFile 9cb6af4f-jshint-2-6-3 jshint@2.6.3
34 verbose lock jshint@2.6.3 /home/mukhtyar/.npm/9cb6af4f-jshint-2-6-3.lock
35 silly lockFile d3eabb3d-pmjs-org-jshint-jshint-2-6-3-tgz https://registry.npmjs.org/jshint/-/jshint-2.6.3.tgz
36 verbose lock https://registry.npmjs.org/jshint/-/jshint-2.6.3.tgz /home/mukhtyar/.npm/d3eabb3d-pmjs-org-jshint-jshint-2-6-3-tgz.lock
37 verbose addRemoteTarball [ 'https://registry.npmjs.org/jshint/-/jshint-2.6.3.tgz',
37 verbose addRemoteTarball   '84b470b8e5d5cd7adf0a3bd4975250443c9d311a' ]
38 info retry fetch attempt 1 at 11:25:05
39 verbose fetch to= /tmp/npm-11657-b96DhzKW/registry.npmjs.org/jshint/-/jshint-2.6.3.tgz
40 http GET https://registry.npmjs.org/jshint/-/jshint-2.6.3.tgz
41 http 200 https://registry.npmjs.org/jshint/-/jshint-2.6.3.tgz
42 silly lockFile d3eabb3d-pmjs-org-jshint-jshint-2-6-3-tgz https://registry.npmjs.org/jshint/-/jshint-2.6.3.tgz
43 silly lockFile d3eabb3d-pmjs-org-jshint-jshint-2-6-3-tgz https://registry.npmjs.org/jshint/-/jshint-2.6.3.tgz
44 silly lockFile 9cb6af4f-jshint-2-6-3 jshint@2.6.3
45 silly lockFile 9cb6af4f-jshint-2-6-3 jshint@2.6.3
46 silly lockFile a02a2468-jshint jshint@
47 silly lockFile a02a2468-jshint jshint@
48 silly resolved [ { name: 'jshint',
48 silly resolved     version: '2.6.3',
48 silly resolved     homepage: 'http://jshint.com/',
48 silly resolved     description: 'Static analysis tool for JavaScript',
48 silly resolved     author:
48 silly resolved      { name: 'Anton Kovalyov',
48 silly resolved        email: 'anton@kovalyov.net',
48 silly resolved        url: 'http://anton.kovalyov.net/' },
48 silly resolved     repository: { type: 'git', url: 'https://github.com/jshint/jshint.git' },
48 silly resolved     bugs: { url: 'https://github.com/jshint/jshint/issues' },
48 silly resolved     bin: { jshint: './bin/jshint' },
48 silly resolved     scripts:
48 silly resolved      { build: 'node bin/build',
48 silly resolved        coverage: 'istanbul -- cover ./node_modules/.bin/nodeunit tests/unit',
48 silly resolved        data: 'node scripts/generate-identifier-data',
48 silly resolved        pretest: 'jshint src && jscs src',
48 silly resolved        test: 'nodeunit tests tests/regression tests/unit' },
48 silly resolved     main: './src/jshint.js',
48 silly resolved     dependencies:
48 silly resolved      { cli: '0.6.x',
48 silly resolved        'console-browserify': '1.1.x',
48 silly resolved        exit: '0.1.x',
48 silly resolved        htmlparser2: '3.8.x',
48 silly resolved        minimatch: '1.0.x',
48 silly resolved        shelljs: '0.3.x',
48 silly resolved        'strip-json-comments': '1.0.x',
48 silly resolved        underscore: '1.6.x' },
48 silly resolved     devDependencies:
48 silly resolved      { browserify: '6.x',
48 silly resolved        coveralls: '2.11.x',
48 silly resolved        istanbul: '0.3.x',
48 silly resolved        jscs: '1.11.x',
48 silly resolved        jshint: '2.5.x',
48 silly resolved        'mock-stdin': '0.3.x',
48 silly resolved        nodeunit: '0.9.x',
48 silly resolved        regenerate: '1.0.x',
48 silly resolved        sinon: '1.11.x',
48 silly resolved        'unicode-6.3.0': '0.1.x' },
48 silly resolved     licenses: [ [Object] ],
48 silly resolved     preferGlobal: true,
48 silly resolved     files: [ 'bin', 'data', 'dist', 'src' ],
48 silly resolved     gitHead: '983fc8de62dc826670b7af8e64fd67de0a4d1a27',
48 silly resolved     _id: 'jshint@2.6.3',
48 silly resolved     _shasum: '84b470b8e5d5cd7adf0a3bd4975250443c9d311a',
48 silly resolved     _from: 'jshint@',
48 silly resolved     _npmVersion: '2.1.18',
48 silly resolved     _nodeVersion: '0.10.35',
48 silly resolved     _npmUser: { name: 'rwaldron', email: 'waldron.rick@gmail.com' },
48 silly resolved     maintainers: [ [Object], [Object] ],
48 silly resolved     dist:
48 silly resolved      { shasum: '84b470b8e5d5cd7adf0a3bd4975250443c9d311a',
48 silly resolved        tarball: 'http://registry.npmjs.org/jshint/-/jshint-2.6.3.tgz' },
48 silly resolved     directories: {},
48 silly resolved     _resolved: 'https://registry.npmjs.org/jshint/-/jshint-2.6.3.tgz' } ]
49 info install jshint@2.6.3 into /usr/lib
50 info installOne jshint@2.6.3
51 verbose lib/node_modules/jshint unbuild
52 verbose tar unpack /home/mukhtyar/.npm/jshint/2.6.3/package.tgz
53 silly lockFile 5d4bbf58-tar-usr-lib-node-modules-jshint tar:///usr/lib/node_modules/jshint
54 verbose lock tar:///usr/lib/node_modules/jshint /home/mukhtyar/.npm/5d4bbf58-tar-usr-lib-node-modules-jshint.lock
55 silly lockFile 212b05fc-yar-npm-jshint-2-6-3-package-tgz tar:///home/mukhtyar/.npm/jshint/2.6.3/package.tgz
56 verbose lock tar:///home/mukhtyar/.npm/jshint/2.6.3/package.tgz /home/mukhtyar/.npm/212b05fc-yar-npm-jshint-2-6-3-package-tgz.lock
57 silly gunzTarPerm modes [ '775', '664' ]
58 error Error: EACCES, mkdir '/usr/lib/node_modules/jshint'
58 error  { [Error: EACCES, mkdir '/usr/lib/node_modules/jshint']
58 error   errno: 3,
58 error   code: 'EACCES',
58 error   path: '/usr/lib/node_modules/jshint',
58 error   fstream_type: 'Directory',
58 error   fstream_path: '/usr/lib/node_modules/jshint',
58 error   fstream_class: 'DirWriter',
58 error   fstream_stack:
58 error    [ '/usr/lib/node_modules/npm/node_modules/fstream/lib/dir-writer.js:36:23',
58 error      '/usr/lib/node_modules/npm/node_modules/mkdirp/index.js:46:53',
58 error      'Object.oncomplete (fs.js:108:15)' ] }
59 error Please try running this command again as root/Administrator.
60 error System Linux 3.13.0-45-generic
61 error command "/usr/bin/node" "/usr/bin/npm" "install" "jshint" "-g"
62 error cwd /home/mukhtyar/projects/vtm
63 error node -v v0.10.36
64 error npm -v 1.4.28
65 error path /usr/lib/node_modules/jshint
66 error fstream_path /usr/lib/node_modules/jshint
67 error fstream_type Directory
68 error fstream_class DirWriter
69 error code EACCES
70 error errno 3
71 error stack Error: EACCES, mkdir '/usr/lib/node_modules/jshint'
72 error fstream_stack /usr/lib/node_modules/npm/node_modules/fstream/lib/dir-writer.js:36:23
72 error fstream_stack /usr/lib/node_modules/npm/node_modules/mkdirp/index.js:46:53
72 error fstream_stack Object.oncomplete (fs.js:108:15)
73 verbose exit [ 3, true ]
